<?xml version="1.0" encoding="UTF-8"?>
<!-- Generated by org.testng.reporters.JUnitXMLReporter -->
<testsuite ignored="2" hostname="DESKTOP-LRO9C4E" failures="0" tests="1" name="Default test" time="10.905" errors="0" timestamp="2024-10-12T13:03:08 IST">
  <testcase classname="com.hyr.tests.MultiDropdownTest" name="testDeselectAllAndPrintAvailableOptions" time="0.932"/>
  <testcase classname="com.hyr.tests.MultiDropdownTest" name="testMultiDropdownSelections" time="0.0">
    <ignored/>
  </testcase> <!-- testMultiDropdownSelections -->
  <testcase classname="com.hyr.tests.MultiDropdownTest" name="testDeselectAndSelectNewOption" time="0.0">
    <ignored/>
  </testcase> <!-- testDeselectAndSelectNewOption -->
</testsuite> <!-- Default test -->
