<?xml version="1.0" encoding="UTF-8"?>
<!-- Generated by org.testng.reporters.JUnitXMLReporter -->
<testsuite ignored="0" hostname="DESKTOP-LRO9C4E" failures="0" tests="3" name="MultiDropdownFunctionalityTests" time="33.864" errors="0" timestamp="2024-10-12T14:18:33 IST">
  <testcase classname="com.hyr.tests.MultiDropdownTest" name="testMultiDropdownSelections" time="0.783"/>
  <testcase classname="com.hyr.tests.MultiDropdownTest" name="testDeselectAndSelectNewOption" time="1.055"/>
  <testcase classname="com.hyr.tests.MultiDropdownTest" name="testDeselectAllAndPrintAvailableOptions" time="0.993"/>
</testsuite> <!-- MultiDropdownFunctionalityTests -->
