<?xml version="1.0" encoding="UTF-8"?>
<testng-results ignored="0" total="3" passed="3" failed="0" skipped="0">
  <reporter-output>
  </reporter-output>
  <suite started-at="2024-10-12T14:17:59 IST" name="MultiDropdownTestSuite" finished-at="2024-10-12T14:18:33 IST" duration-ms="33864">
    <groups>
    </groups>
    <test started-at="2024-10-12T14:17:59 IST" name="MultiDropdownFunctionalityTests" finished-at="2024-10-12T14:18:33 IST" duration-ms="33864">
      <class name="com.hyr.tests.MultiDropdownTest">
        <test-method is-config="true" signature="setUp()[pri:0, instance:com.hyr.tests.MultiDropdownTest@4be29ed9]" started-at="2024-10-12T14:17:59 IST" name="setUp" finished-at="2024-10-12T14:18:09 IST" duration-ms="9579" status="PASS">
          <reporter-output>
          </reporter-output>
        </test-method> <!-- setUp -->
        <test-method signature="testMultiDropdownSelections()[pri:1, instance:com.hyr.tests.MultiDropdownTest@4be29ed9]" started-at="2024-10-12T14:18:09 IST" name="testMultiDropdownSelections" finished-at="2024-10-12T14:18:09 IST" duration-ms="783" status="PASS">
          <reporter-output>
          </reporter-output>
        </test-method> <!-- testMultiDropdownSelections -->
        <test-method is-config="true" signature="tearDown()[pri:0, instance:com.hyr.tests.MultiDropdownTest@4be29ed9]" started-at="2024-10-12T14:18:09 IST" name="tearDown" finished-at="2024-10-12T14:18:11 IST" duration-ms="1491" status="PASS">
          <reporter-output>
          </reporter-output>
        </test-method> <!-- tearDown -->
        <test-method is-config="true" signature="setUp()[pri:0, instance:com.hyr.tests.MultiDropdownTest@4be29ed9]" started-at="2024-10-12T14:18:11 IST" name="setUp" finished-at="2024-10-12T14:18:20 IST" duration-ms="9170" status="PASS">
          <reporter-output>
          </reporter-output>
        </test-method> <!-- setUp -->
        <test-method signature="testDeselectAndSelectNewOption()[pri:2, instance:com.hyr.tests.MultiDropdownTest@4be29ed9]" started-at="2024-10-12T14:18:20 IST" name="testDeselectAndSelectNewOption" finished-at="2024-10-12T14:18:21 IST" duration-ms="1055" status="PASS">
          <reporter-output>
          </reporter-output>
        </test-method> <!-- testDeselectAndSelectNewOption -->
        <test-method is-config="true" signature="tearDown()[pri:0, instance:com.hyr.tests.MultiDropdownTest@4be29ed9]" started-at="2024-10-12T14:18:21 IST" name="tearDown" finished-at="2024-10-12T14:18:23 IST" duration-ms="1429" status="PASS">
          <reporter-output>
          </reporter-output>
        </test-method> <!-- tearDown -->
        <test-method is-config="true" signature="setUp()[pri:0, instance:com.hyr.tests.MultiDropdownTest@4be29ed9]" started-at="2024-10-12T14:18:23 IST" name="setUp" finished-at="2024-10-12T14:18:30 IST" duration-ms="7843" status="PASS">
          <reporter-output>
          </reporter-output>
        </test-method> <!-- setUp -->
        <test-method signature="testDeselectAllAndPrintAvailableOptions()[pri:3, instance:com.hyr.tests.MultiDropdownTest@4be29ed9]" started-at="2024-10-12T14:18:30 IST" name="testDeselectAllAndPrintAvailableOptions" finished-at="2024-10-12T14:18:31 IST" duration-ms="993" status="PASS">
          <reporter-output>
          </reporter-output>
        </test-method> <!-- testDeselectAllAndPrintAvailableOptions -->
        <test-method is-config="true" signature="tearDown()[pri:0, instance:com.hyr.tests.MultiDropdownTest@4be29ed9]" started-at="2024-10-12T14:18:31 IST" name="tearDown" finished-at="2024-10-12T14:18:33 IST" duration-ms="1459" status="PASS">
          <reporter-output>
          </reporter-output>
        </test-method> <!-- tearDown -->
      </class> <!-- com.hyr.tests.MultiDropdownTest -->
    </test> <!-- MultiDropdownFunctionalityTests -->
  </suite> <!-- MultiDropdownTestSuite -->
</testng-results>
